Arguments: 
  /home/anviam/.nvm/versions/node/v17.8.0/bin/node /usr/local/bin/yarn build:css

PATH: 
  /home/anviam/.nvm/versions/node/v17.8.0/bin:/home/anviam/.rvm/gems/ruby-3.0.0/bin:/home/anviam/.rvm/gems/ruby-3.0.0@global/bin:/home/anviam/.rvm/rubies/ruby-3.0.0/bin:/usr/local/sbin:/usr/local/bin:/usr/sbin:/usr/bin:/sbin:/bin:/usr/games:/usr/local/games:/snap/bin:/home/anviam/.rvm/bin:/home/anviam/.rvm/bin

Yarn version: 
  1.22.18

Node version: 
  17.8.0

Platform: 
  linux x64

Trace: 
  SyntaxError: /home/anviam/8th April/allbum/package.json: Unexpected end of JSON input
      at JSON.parse (<anonymous>)
      at /usr/local/lib/node_modules/yarn/lib/cli.js:1625:59
      at Generator.next (<anonymous>)
      at step (/usr/local/lib/node_modules/yarn/lib/cli.js:310:30)
      at /usr/local/lib/node_modules/yarn/lib/cli.js:321:13

npm manifest: 
  

yarn manifest: 
  No manifest

Lockfile: 
  # THIS IS AN AUTOGENERATED FILE. DO NOT EDIT THIS FILE DIRECTLY.
  # yarn lockfile v1
